<?xml version="1.0" encoding="UTF-8"?>
<!-- Generated by org.testng.reporters.JUnitXMLReporter -->
<testsuite ignored="2" hostname="LAPTOP-DHSP47N1" failures="0" tests="1" name="Default test(failed)" time="26.288" errors="0" timestamp="30 Nov 2020 19:22:01 GMT">
  <testcase classname="com.crm.qa.testcases.LoginPageTest" name="loginTest" time="10.392"/>
  <testcase classname="com.crm.qa.testcases.LoginPageTest" name="crmLogoImageTest" time="0.0">
    <ignored/>
  </testcase> <!-- crmLogoImageTest -->
  <testcase classname="com.crm.qa.testcases.LoginPageTest" name="loginPageTitleTest" time="0.0">
    <ignored/>
  </testcase> <!-- loginPageTitleTest -->
</testsuite> <!-- Default test(failed) -->
