<?xml version="1.0" encoding="UTF-8"?>
<testng-results ignored="0" total="12" passed="12" failed="0" skipped="0">
  <reporter-output>
  </reporter-output>
  <suite started-at="2020-12-01T11:42:35Z" name="FREE CRM Application Test Automation Test Suite" finished-at="2020-12-01T11:47:15Z" duration-ms="279907">
    <groups>
    </groups>
    <test started-at="2020-12-01T11:42:35Z" name="Free CRM App Test Cases" finished-at="2020-12-01T11:47:15Z" duration-ms="279907">
      <class name="com.crm.qa.testcases.HomePageTest">
        <test-method is-config="true" signature="setUp()[pri:0, instance:com.crm.qa.testcases.HomePageTest@27c86f2d]" started-at="2020-12-01T17:12:53Z" name="setUp" finished-at="2020-12-01T17:13:12Z" duration-ms="19001" status="PASS">
          <reporter-output>
          </reporter-output>
        </test-method> <!-- setUp -->
        <test-method signature="verifyHomePageTitleTest()[pri:1, instance:com.crm.qa.testcases.HomePageTest@27c86f2d]" started-at="2020-12-01T17:13:12Z" name="verifyHomePageTitleTest" finished-at="2020-12-01T17:13:12Z" duration-ms="18" status="PASS">
          <reporter-output>
          </reporter-output>
        </test-method> <!-- verifyHomePageTitleTest -->
        <test-method is-config="true" signature="tearDown()[pri:0, instance:com.crm.qa.testcases.HomePageTest@27c86f2d]" started-at="2020-12-01T17:13:12Z" name="tearDown" finished-at="2020-12-01T17:13:16Z" duration-ms="3920" status="PASS">
          <reporter-output>
          </reporter-output>
        </test-method> <!-- tearDown -->
        <test-method is-config="true" signature="setUp()[pri:0, instance:com.crm.qa.testcases.HomePageTest@27c86f2d]" started-at="2020-12-01T17:13:52Z" name="setUp" finished-at="2020-12-01T17:14:11Z" duration-ms="19648" status="PASS">
          <reporter-output>
          </reporter-output>
        </test-method> <!-- setUp -->
        <test-method signature="verifyUserNameTest()[pri:2, instance:com.crm.qa.testcases.HomePageTest@27c86f2d]" started-at="2020-12-01T17:14:11Z" name="verifyUserNameTest" finished-at="2020-12-01T17:14:11Z" duration-ms="90" status="PASS">
          <reporter-output>
          </reporter-output>
        </test-method> <!-- verifyUserNameTest -->
        <test-method is-config="true" signature="tearDown()[pri:0, instance:com.crm.qa.testcases.HomePageTest@27c86f2d]" started-at="2020-12-01T17:14:11Z" name="tearDown" finished-at="2020-12-01T17:14:15Z" duration-ms="3926" status="PASS">
          <reporter-output>
          </reporter-output>
        </test-method> <!-- tearDown -->
        <test-method is-config="true" signature="setUp()[pri:0, instance:com.crm.qa.testcases.HomePageTest@27c86f2d]" started-at="2020-12-01T17:15:00Z" name="setUp" finished-at="2020-12-01T17:15:19Z" duration-ms="19039" status="PASS">
          <reporter-output>
          </reporter-output>
        </test-method> <!-- setUp -->
        <test-method signature="verifyContactsLinkTest()[pri:3, instance:com.crm.qa.testcases.HomePageTest@27c86f2d]" started-at="2020-12-01T17:15:19Z" name="verifyContactsLinkTest" finished-at="2020-12-01T17:15:19Z" duration-ms="243" status="PASS">
          <reporter-output>
          </reporter-output>
        </test-method> <!-- verifyContactsLinkTest -->
        <test-method is-config="true" signature="tearDown()[pri:0, instance:com.crm.qa.testcases.HomePageTest@27c86f2d]" started-at="2020-12-01T17:15:19Z" name="tearDown" finished-at="2020-12-01T17:15:23Z" duration-ms="4128" status="PASS">
          <reporter-output>
          </reporter-output>
        </test-method> <!-- tearDown -->
      </class> <!-- com.crm.qa.testcases.HomePageTest -->
      <class name="com.crm.qa.testcases.ContactsPageTest">
        <test-method is-config="true" signature="setUp()[pri:0, instance:com.crm.qa.testcases.ContactsPageTest@197d671]" started-at="2020-12-01T17:13:16Z" name="setUp" finished-at="2020-12-01T17:13:35Z" duration-ms="19271" status="PASS">
          <reporter-output>
          </reporter-output>
        </test-method> <!-- setUp -->
        <test-method signature="verifyContactsPageLabel()[pri:1, instance:com.crm.qa.testcases.ContactsPageTest@197d671]" started-at="2020-12-01T17:13:35Z" name="verifyContactsPageLabel" finished-at="2020-12-01T17:13:35Z" duration-ms="116" status="PASS">
          <reporter-output>
          </reporter-output>
        </test-method> <!-- verifyContactsPageLabel -->
        <test-method is-config="true" signature="tearDown()[pri:0, instance:com.crm.qa.testcases.ContactsPageTest@197d671]" started-at="2020-12-01T17:13:35Z" name="tearDown" finished-at="2020-12-01T17:13:37Z" duration-ms="1066" status="PASS">
          <reporter-output>
          </reporter-output>
        </test-method> <!-- tearDown -->
        <test-method is-config="true" signature="setUp()[pri:0, instance:com.crm.qa.testcases.ContactsPageTest@197d671]" started-at="2020-12-01T17:14:15Z" name="setUp" finished-at="2020-12-01T17:14:35Z" duration-ms="19199" status="PASS">
          <reporter-output>
          </reporter-output>
        </test-method> <!-- setUp -->
        <test-method signature="selectSingleContactsTest()[pri:2, instance:com.crm.qa.testcases.ContactsPageTest@197d671]" started-at="2020-12-01T17:14:35Z" name="selectSingleContactsTest" finished-at="2020-12-01T17:14:35Z" duration-ms="802" status="PASS">
          <reporter-output>
          </reporter-output>
        </test-method> <!-- selectSingleContactsTest -->
        <test-method is-config="true" signature="tearDown()[pri:0, instance:com.crm.qa.testcases.ContactsPageTest@197d671]" started-at="2020-12-01T17:14:35Z" name="tearDown" finished-at="2020-12-01T17:14:37Z" duration-ms="1118" status="PASS">
          <reporter-output>
          </reporter-output>
        </test-method> <!-- tearDown -->
        <test-method is-config="true" signature="setUp()[pri:0, instance:com.crm.qa.testcases.ContactsPageTest@197d671]" started-at="2020-12-01T17:15:23Z" name="setUp" finished-at="2020-12-01T17:15:43Z" duration-ms="20068" status="PASS">
          <reporter-output>
          </reporter-output>
        </test-method> <!-- setUp -->
        <test-method signature="selectMultipleContactsTest()[pri:3, instance:com.crm.qa.testcases.ContactsPageTest@197d671]" started-at="2020-12-01T17:15:43Z" name="selectMultipleContactsTest" finished-at="2020-12-01T17:15:44Z" duration-ms="1045" status="PASS">
          <reporter-output>
          </reporter-output>
        </test-method> <!-- selectMultipleContactsTest -->
        <test-method is-config="true" signature="tearDown()[pri:0, instance:com.crm.qa.testcases.ContactsPageTest@197d671]" started-at="2020-12-01T17:15:44Z" name="tearDown" finished-at="2020-12-01T17:15:45Z" duration-ms="1075" status="PASS">
          <reporter-output>
          </reporter-output>
        </test-method> <!-- tearDown -->
        <test-method is-config="true" signature="setUp()[pri:0, instance:com.crm.qa.testcases.ContactsPageTest@197d671]" started-at="2020-12-01T17:15:46Z" name="setUp" finished-at="2020-12-01T17:16:12Z" duration-ms="25820" status="PASS">
          <reporter-output>
          </reporter-output>
        </test-method> <!-- setUp -->
        <test-method signature="validateCreateNewContact(java.lang.String, java.lang.String, java.lang.String)[pri:4, instance:com.crm.qa.testcases.ContactsPageTest@197d671]" started-at="2020-12-01T17:16:12Z" name="validateCreateNewContact" data-provider="getCRMTestData" finished-at="2020-12-01T17:16:18Z" duration-ms="5829" status="PASS">
          <params>
            <param index="0">
              <value>
                <![CDATA[Tom]]>
              </value>
            </param>
            <param index="1">
              <value>
                <![CDATA[Peter]]>
              </value>
            </param>
            <param index="2">
              <value>
                <![CDATA[Google]]>
              </value>
            </param>
          </params>
          <reporter-output>
          </reporter-output>
        </test-method> <!-- validateCreateNewContact -->
        <test-method is-config="true" signature="tearDown()[pri:0, instance:com.crm.qa.testcases.ContactsPageTest@197d671]" started-at="2020-12-01T17:16:18Z" name="tearDown" finished-at="2020-12-01T17:16:19Z" duration-ms="927" status="PASS">
          <reporter-output>
          </reporter-output>
        </test-method> <!-- tearDown -->
        <test-method is-config="true" signature="setUp()[pri:0, instance:com.crm.qa.testcases.ContactsPageTest@197d671]" started-at="2020-12-01T17:16:19Z" name="setUp" finished-at="2020-12-01T17:16:40Z" duration-ms="20551" status="PASS">
          <reporter-output>
          </reporter-output>
        </test-method> <!-- setUp -->
        <test-method signature="validateCreateNewContact(java.lang.String, java.lang.String, java.lang.String)[pri:4, instance:com.crm.qa.testcases.ContactsPageTest@197d671]" started-at="2020-12-01T17:16:40Z" name="validateCreateNewContact" data-provider="getCRMTestData" finished-at="2020-12-01T17:16:45Z" duration-ms="5937" status="PASS">
          <params>
            <param index="0">
              <value>
                <![CDATA[David]]>
              </value>
            </param>
            <param index="1">
              <value>
                <![CDATA[Cris]]>
              </value>
            </param>
            <param index="2">
              <value>
                <![CDATA[Amazon]]>
              </value>
            </param>
          </params>
          <reporter-output>
          </reporter-output>
        </test-method> <!-- validateCreateNewContact -->
        <test-method is-config="true" signature="tearDown()[pri:0, instance:com.crm.qa.testcases.ContactsPageTest@197d671]" started-at="2020-12-01T17:16:45Z" name="tearDown" finished-at="2020-12-01T17:16:46Z" duration-ms="911" status="PASS">
          <reporter-output>
          </reporter-output>
        </test-method> <!-- tearDown -->
        <test-method is-config="true" signature="setUp()[pri:0, instance:com.crm.qa.testcases.ContactsPageTest@197d671]" started-at="2020-12-01T17:16:46Z" name="setUp" finished-at="2020-12-01T17:17:08Z" duration-ms="21350" status="PASS">
          <reporter-output>
          </reporter-output>
        </test-method> <!-- setUp -->
        <test-method signature="validateCreateNewContact(java.lang.String, java.lang.String, java.lang.String)[pri:4, instance:com.crm.qa.testcases.ContactsPageTest@197d671]" started-at="2020-12-01T17:17:08Z" name="validateCreateNewContact" data-provider="getCRMTestData" finished-at="2020-12-01T17:17:14Z" duration-ms="6015" status="PASS">
          <params>
            <param index="0">
              <value>
                <![CDATA[Mukta]]>
              </value>
            </param>
            <param index="1">
              <value>
                <![CDATA[Sharma]]>
              </value>
            </param>
            <param index="2">
              <value>
                <![CDATA[Ebay]]>
              </value>
            </param>
          </params>
          <reporter-output>
          </reporter-output>
        </test-method> <!-- validateCreateNewContact -->
        <test-method is-config="true" signature="tearDown()[pri:0, instance:com.crm.qa.testcases.ContactsPageTest@197d671]" started-at="2020-12-01T17:17:14Z" name="tearDown" finished-at="2020-12-01T17:17:15Z" duration-ms="905" status="PASS">
          <reporter-output>
          </reporter-output>
        </test-method> <!-- tearDown -->
      </class> <!-- com.crm.qa.testcases.ContactsPageTest -->
      <class name="com.crm.qa.testcases.LoginPageTest">
        <test-method is-config="true" signature="setUp()[pri:0, instance:com.crm.qa.testcases.LoginPageTest@6b4a4e18]" started-at="2020-12-01T17:12:35Z" name="setUp" finished-at="2020-12-01T17:12:49Z" duration-ms="13689" status="PASS">
          <reporter-output>
          </reporter-output>
        </test-method> <!-- setUp -->
        <test-method signature="loginPageTitleTest()[pri:1, instance:com.crm.qa.testcases.LoginPageTest@6b4a4e18]" started-at="2020-12-01T17:12:49Z" name="loginPageTitleTest" finished-at="2020-12-01T17:12:49Z" duration-ms="462" status="PASS">
          <reporter-output>
          </reporter-output>
        </test-method> <!-- loginPageTitleTest -->
        <test-method is-config="true" signature="tearDown()[pri:0, instance:com.crm.qa.testcases.LoginPageTest@6b4a4e18]" started-at="2020-12-01T17:12:49Z" name="tearDown" finished-at="2020-12-01T17:12:53Z" duration-ms="4172" status="PASS">
          <reporter-output>
          </reporter-output>
        </test-method> <!-- tearDown -->
        <test-method is-config="true" signature="setUp()[pri:0, instance:com.crm.qa.testcases.LoginPageTest@6b4a4e18]" started-at="2020-12-01T17:13:37Z" name="setUp" finished-at="2020-12-01T17:13:47Z" duration-ms="10218" status="PASS">
          <reporter-output>
          </reporter-output>
        </test-method> <!-- setUp -->
        <test-method signature="crmLogoImageTest()[pri:2, instance:com.crm.qa.testcases.LoginPageTest@6b4a4e18]" started-at="2020-12-01T17:13:47Z" name="crmLogoImageTest" finished-at="2020-12-01T17:13:47Z" duration-ms="440" status="PASS">
          <reporter-output>
          </reporter-output>
        </test-method> <!-- crmLogoImageTest -->
        <test-method is-config="true" signature="tearDown()[pri:0, instance:com.crm.qa.testcases.LoginPageTest@6b4a4e18]" started-at="2020-12-01T17:13:47Z" name="tearDown" finished-at="2020-12-01T17:13:52Z" duration-ms="4558" status="PASS">
          <reporter-output>
          </reporter-output>
        </test-method> <!-- tearDown -->
        <test-method is-config="true" signature="setUp()[pri:0, instance:com.crm.qa.testcases.LoginPageTest@6b4a4e18]" started-at="2020-12-01T17:14:37Z" name="setUp" finished-at="2020-12-01T17:14:47Z" duration-ms="10087" status="PASS">
          <reporter-output>
          </reporter-output>
        </test-method> <!-- setUp -->
        <test-method signature="loginTest()[pri:3, instance:com.crm.qa.testcases.LoginPageTest@6b4a4e18]" started-at="2020-12-01T17:14:47Z" name="loginTest" finished-at="2020-12-01T17:14:56Z" duration-ms="9157" status="PASS">
          <reporter-output>
          </reporter-output>
        </test-method> <!-- loginTest -->
        <test-method is-config="true" signature="tearDown()[pri:0, instance:com.crm.qa.testcases.LoginPageTest@6b4a4e18]" started-at="2020-12-01T17:14:56Z" name="tearDown" finished-at="2020-12-01T17:15:00Z" duration-ms="3942" status="PASS">
          <reporter-output>
          </reporter-output>
        </test-method> <!-- tearDown -->
      </class> <!-- com.crm.qa.testcases.LoginPageTest -->
    </test> <!-- Free CRM App Test Cases -->
  </suite> <!-- FREE CRM Application Test Automation Test Suite -->
</testng-results>
